  Bubble Breaker.cpp
C:\Program Files (x86)\Windows Kits\10\Include\10.0.18362.0\shared\minwindef.h(130,1): warning C4005: APIENTRY: изменение макроопределения
D:\Homework\4_kurs\1_Sem\Labs\GIMS\Bubble Breaker\GL\GLFW\include\GLFW\glfw3.h(123): message : см. предыдущее определение "APIENTRY"
D:\Homework\4_kurs\1_Sem\Labs\GIMS\Bubble Breaker\Bubble Breaker.cpp(153,8): warning C4551: в вызове функции отсутствует список аргументов
D:\Homework\4_kurs\1_Sem\Labs\GIMS\Bubble Breaker\Bubble Breaker.cpp(173,15): warning C4244: аргумент: преобразование "time_t" в "unsigned int", возможна потеря данных
D:\Homework\4_kurs\1_Sem\Labs\GIMS\Bubble Breaker\Bubble Breaker.cpp(207,41): warning C4305: аргумент: усечение из "double" в "GLfloat"
D:\Homework\4_kurs\1_Sem\Labs\GIMS\Bubble Breaker\Bubble Breaker.cpp(280,29): warning C4244: аргумент: преобразование "int" в "GLfloat", возможна потеря данных
D:\Homework\4_kurs\1_Sem\Labs\GIMS\Bubble Breaker\Bubble Breaker.cpp(280,26): warning C4244: аргумент: преобразование "int" в "GLfloat", возможна потеря данных
D:\Homework\4_kurs\1_Sem\Labs\GIMS\Bubble Breaker\Bubble Breaker.cpp(312,32): warning C4244: аргумент: преобразование "double" в "int", возможна потеря данных
D:\Homework\4_kurs\1_Sem\Labs\GIMS\Bubble Breaker\Bubble Breaker.cpp(312,26): warning C4244: аргумент: преобразование "double" в "int", возможна потеря данных
D:\Homework\4_kurs\1_Sem\Labs\GIMS\Bubble Breaker\Bubble Breaker.cpp(369,22): warning C4305: аргумент: усечение из "double" в "GLfloat"
D:\Homework\4_kurs\1_Sem\Labs\GIMS\Bubble Breaker\Bubble Breaker.cpp(370,22): warning C4305: аргумент: усечение из "double" в "GLfloat"
D:\Homework\4_kurs\1_Sem\Labs\GIMS\Bubble Breaker\Bubble Breaker.cpp(371,25): warning C4305: аргумент: усечение из "double" в "GLfloat"
D:\Homework\4_kurs\1_Sem\Labs\GIMS\Bubble Breaker\Bubble Breaker.cpp(372,25): warning C4305: аргумент: усечение из "double" в "GLfloat"
D:\Homework\4_kurs\1_Sem\Labs\GIMS\Bubble Breaker\Bubble Breaker.cpp(373,24): warning C4305: аргумент: усечение из "double" в "GLfloat"
D:\Homework\4_kurs\1_Sem\Labs\GIMS\Bubble Breaker\Bubble Breaker.cpp(374,24): warning C4305: аргумент: усечение из "double" в "GLfloat"
D:\Homework\4_kurs\1_Sem\Labs\GIMS\Bubble Breaker\Bubble Breaker.cpp(381,22): warning C4305: аргумент: усечение из "double" в "GLfloat"
D:\Homework\4_kurs\1_Sem\Labs\GIMS\Bubble Breaker\Bubble Breaker.cpp(382,22): warning C4305: аргумент: усечение из "double" в "GLfloat"
D:\Homework\4_kurs\1_Sem\Labs\GIMS\Bubble Breaker\Bubble Breaker.cpp(383,24): warning C4305: аргумент: усечение из "double" в "GLfloat"
D:\Homework\4_kurs\1_Sem\Labs\GIMS\Bubble Breaker\Bubble Breaker.cpp(384,24): warning C4305: аргумент: усечение из "double" в "GLfloat"
D:\Homework\4_kurs\1_Sem\Labs\GIMS\Bubble Breaker\Bubble Breaker.cpp(401,24): warning C4305: аргумент: усечение из "double" в "GLfloat"
D:\Homework\4_kurs\1_Sem\Labs\GIMS\Bubble Breaker\Bubble Breaker.cpp(402,22): warning C4305: аргумент: усечение из "double" в "GLfloat"
D:\Homework\4_kurs\1_Sem\Labs\GIMS\Bubble Breaker\Bubble Breaker.cpp(403,22): warning C4305: аргумент: усечение из "double" в "GLfloat"
D:\Homework\4_kurs\1_Sem\Labs\GIMS\Bubble Breaker\Bubble Breaker.cpp(404,25): warning C4305: аргумент: усечение из "double" в "GLfloat"
D:\Homework\4_kurs\1_Sem\Labs\GIMS\Bubble Breaker\Bubble Breaker.cpp(405,25): warning C4305: аргумент: усечение из "double" в "GLfloat"
D:\Homework\4_kurs\1_Sem\Labs\GIMS\Bubble Breaker\Bubble Breaker.cpp(406,24): warning C4305: аргумент: усечение из "double" в "GLfloat"
D:\Homework\4_kurs\1_Sem\Labs\GIMS\Bubble Breaker\Bubble Breaker.cpp(413,22): warning C4305: аргумент: усечение из "double" в "GLfloat"
D:\Homework\4_kurs\1_Sem\Labs\GIMS\Bubble Breaker\Bubble Breaker.cpp(414,22): warning C4305: аргумент: усечение из "double" в "GLfloat"
D:\Homework\4_kurs\1_Sem\Labs\GIMS\Bubble Breaker\Bubble Breaker.cpp(415,25): warning C4305: аргумент: усечение из "double" в "GLfloat"
D:\Homework\4_kurs\1_Sem\Labs\GIMS\Bubble Breaker\Bubble Breaker.cpp(416,25): warning C4305: аргумент: усечение из "double" в "GLfloat"
D:\Homework\4_kurs\1_Sem\Labs\GIMS\Bubble Breaker\Bubble Breaker.cpp(417,25): warning C4305: аргумент: усечение из "double" в "GLfloat"
D:\Homework\4_kurs\1_Sem\Labs\GIMS\Bubble Breaker\Bubble Breaker.cpp(418,24): warning C4305: аргумент: усечение из "double" в "GLfloat"
D:\Homework\4_kurs\1_Sem\Labs\GIMS\Bubble Breaker\Bubble Breaker.cpp(419,24): warning C4305: аргумент: усечение из "double" в "GLfloat"
D:\Homework\4_kurs\1_Sem\Labs\GIMS\Bubble Breaker\Bubble Breaker.cpp(432,28): warning C4305: аргумент: усечение из "double" в "GLfloat"
D:\Homework\4_kurs\1_Sem\Labs\GIMS\Bubble Breaker\Bubble Breaker.cpp(433,26): warning C4305: аргумент: усечение из "double" в "GLfloat"
D:\Homework\4_kurs\1_Sem\Labs\GIMS\Bubble Breaker\Bubble Breaker.cpp(434,26): warning C4305: аргумент: усечение из "double" в "GLfloat"
D:\Homework\4_kurs\1_Sem\Labs\GIMS\Bubble Breaker\Bubble Breaker.cpp(435,28): warning C4305: аргумент: усечение из "double" в "GLfloat"
D:\Homework\4_kurs\1_Sem\Labs\GIMS\Bubble Breaker\Bubble Breaker.cpp(445,28): warning C4305: аргумент: усечение из "double" в "GLfloat"
D:\Homework\4_kurs\1_Sem\Labs\GIMS\Bubble Breaker\Bubble Breaker.cpp(446,26): warning C4305: аргумент: усечение из "double" в "GLfloat"
D:\Homework\4_kurs\1_Sem\Labs\GIMS\Bubble Breaker\Bubble Breaker.cpp(456,26): warning C4305: аргумент: усечение из "double" в "GLfloat"
D:\Homework\4_kurs\1_Sem\Labs\GIMS\Bubble Breaker\Bubble Breaker.cpp(457,26): warning C4305: аргумент: усечение из "double" в "GLfloat"
D:\Homework\4_kurs\1_Sem\Labs\GIMS\Bubble Breaker\Bubble Breaker.cpp(458,28): warning C4305: аргумент: усечение из "double" в "GLfloat"
D:\Homework\4_kurs\1_Sem\Labs\GIMS\Bubble Breaker\Bubble Breaker.cpp(459,28): warning C4305: аргумент: усечение из "double" в "GLfloat"
D:\Homework\4_kurs\1_Sem\Labs\GIMS\Bubble Breaker\Bubble Breaker.cpp(460,28): warning C4305: аргумент: усечение из "double" в "GLfloat"
D:\Homework\4_kurs\1_Sem\Labs\GIMS\Bubble Breaker\Bubble Breaker.cpp(470,26): warning C4305: аргумент: усечение из "double" в "GLfloat"
D:\Homework\4_kurs\1_Sem\Labs\GIMS\Bubble Breaker\Bubble Breaker.cpp(471,26): warning C4305: аргумент: усечение из "double" в "GLfloat"
D:\Homework\4_kurs\1_Sem\Labs\GIMS\Bubble Breaker\Bubble Breaker.cpp(472,29): warning C4305: аргумент: усечение из "double" в "GLfloat"
D:\Homework\4_kurs\1_Sem\Labs\GIMS\Bubble Breaker\Bubble Breaker.cpp(473,29): warning C4305: аргумент: усечение из "double" в "GLfloat"
D:\Homework\4_kurs\1_Sem\Labs\GIMS\Bubble Breaker\Bubble Breaker.cpp(474,29): warning C4305: аргумент: усечение из "double" в "GLfloat"
D:\Homework\4_kurs\1_Sem\Labs\GIMS\Bubble Breaker\Bubble Breaker.cpp(475,28): warning C4305: аргумент: усечение из "double" в "GLfloat"
D:\Homework\4_kurs\1_Sem\Labs\GIMS\Bubble Breaker\Bubble Breaker.cpp(476,28): warning C4305: аргумент: усечение из "double" в "GLfloat"
D:\Homework\4_kurs\1_Sem\Labs\GIMS\Bubble Breaker\Bubble Breaker.cpp(486,26): warning C4305: аргумент: усечение из "double" в "GLfloat"
D:\Homework\4_kurs\1_Sem\Labs\GIMS\Bubble Breaker\Bubble Breaker.cpp(487,29): warning C4305: аргумент: усечение из "double" в "GLfloat"
D:\Homework\4_kurs\1_Sem\Labs\GIMS\Bubble Breaker\Bubble Breaker.cpp(488,29): warning C4305: аргумент: усечение из "double" в "GLfloat"
D:\Homework\4_kurs\1_Sem\Labs\GIMS\Bubble Breaker\Bubble Breaker.cpp(489,26): warning C4305: аргумент: усечение из "double" в "GLfloat"
D:\Homework\4_kurs\1_Sem\Labs\GIMS\Bubble Breaker\Bubble Breaker.cpp(490,28): warning C4305: аргумент: усечение из "double" в "GLfloat"
D:\Homework\4_kurs\1_Sem\Labs\GIMS\Bubble Breaker\Bubble Breaker.cpp(500,26): warning C4305: аргумент: усечение из "double" в "GLfloat"
D:\Homework\4_kurs\1_Sem\Labs\GIMS\Bubble Breaker\Bubble Breaker.cpp(501,26): warning C4305: аргумент: усечение из "double" в "GLfloat"
D:\Homework\4_kurs\1_Sem\Labs\GIMS\Bubble Breaker\Bubble Breaker.cpp(502,29): warning C4305: аргумент: усечение из "double" в "GLfloat"
D:\Homework\4_kurs\1_Sem\Labs\GIMS\Bubble Breaker\Bubble Breaker.cpp(503,29): warning C4305: аргумент: усечение из "double" в "GLfloat"
D:\Homework\4_kurs\1_Sem\Labs\GIMS\Bubble Breaker\Bubble Breaker.cpp(504,28): warning C4305: аргумент: усечение из "double" в "GLfloat"
D:\Homework\4_kurs\1_Sem\Labs\GIMS\Bubble Breaker\Bubble Breaker.cpp(505,28): warning C4305: аргумент: усечение из "double" в "GLfloat"
D:\Homework\4_kurs\1_Sem\Labs\GIMS\Bubble Breaker\Bubble Breaker.cpp(515,26): warning C4305: аргумент: усечение из "double" в "GLfloat"
D:\Homework\4_kurs\1_Sem\Labs\GIMS\Bubble Breaker\Bubble Breaker.cpp(516,26): warning C4305: аргумент: усечение из "double" в "GLfloat"
D:\Homework\4_kurs\1_Sem\Labs\GIMS\Bubble Breaker\Bubble Breaker.cpp(517,28): warning C4305: аргумент: усечение из "double" в "GLfloat"
D:\Homework\4_kurs\1_Sem\Labs\GIMS\Bubble Breaker\Bubble Breaker.cpp(518,28): warning C4305: аргумент: усечение из "double" в "GLfloat"
D:\Homework\4_kurs\1_Sem\Labs\GIMS\Bubble Breaker\Bubble Breaker.cpp(519,29): warning C4305: аргумент: усечение из "double" в "GLfloat"
D:\Homework\4_kurs\1_Sem\Labs\GIMS\Bubble Breaker\Bubble Breaker.cpp(520,29): warning C4305: аргумент: усечение из "double" в "GLfloat"
D:\Homework\4_kurs\1_Sem\Labs\GIMS\Bubble Breaker\Bubble Breaker.cpp(530,26): warning C4305: аргумент: усечение из "double" в "GLfloat"
D:\Homework\4_kurs\1_Sem\Labs\GIMS\Bubble Breaker\Bubble Breaker.cpp(531,26): warning C4305: аргумент: усечение из "double" в "GLfloat"
D:\Homework\4_kurs\1_Sem\Labs\GIMS\Bubble Breaker\Bubble Breaker.cpp(532,29): warning C4305: аргумент: усечение из "double" в "GLfloat"
D:\Homework\4_kurs\1_Sem\Labs\GIMS\Bubble Breaker\Bubble Breaker.cpp(533,28): warning C4305: аргумент: усечение из "double" в "GLfloat"
D:\Homework\4_kurs\1_Sem\Labs\GIMS\Bubble Breaker\Bubble Breaker.cpp(543,26): warning C4305: аргумент: усечение из "double" в "GLfloat"
D:\Homework\4_kurs\1_Sem\Labs\GIMS\Bubble Breaker\Bubble Breaker.cpp(544,26): warning C4305: аргумент: усечение из "double" в "GLfloat"
D:\Homework\4_kurs\1_Sem\Labs\GIMS\Bubble Breaker\Bubble Breaker.cpp(545,28): warning C4305: аргумент: усечение из "double" в "GLfloat"
D:\Homework\4_kurs\1_Sem\Labs\GIMS\Bubble Breaker\Bubble Breaker.cpp(546,28): warning C4305: аргумент: усечение из "double" в "GLfloat"
D:\Homework\4_kurs\1_Sem\Labs\GIMS\Bubble Breaker\Bubble Breaker.cpp(547,26): warning C4305: аргумент: усечение из "double" в "GLfloat"
D:\Homework\4_kurs\1_Sem\Labs\GIMS\Bubble Breaker\Bubble Breaker.cpp(548,29): warning C4305: аргумент: усечение из "double" в "GLfloat"
D:\Homework\4_kurs\1_Sem\Labs\GIMS\Bubble Breaker\Bubble Breaker.cpp(549,29): warning C4305: аргумент: усечение из "double" в "GLfloat"
D:\Homework\4_kurs\1_Sem\Labs\GIMS\Bubble Breaker\Bubble Breaker.cpp(559,26): warning C4305: аргумент: усечение из "double" в "GLfloat"
D:\Homework\4_kurs\1_Sem\Labs\GIMS\Bubble Breaker\Bubble Breaker.cpp(560,26): warning C4305: аргумент: усечение из "double" в "GLfloat"
D:\Homework\4_kurs\1_Sem\Labs\GIMS\Bubble Breaker\Bubble Breaker.cpp(561,29): warning C4305: аргумент: усечение из "double" в "GLfloat"
D:\Homework\4_kurs\1_Sem\Labs\GIMS\Bubble Breaker\Bubble Breaker.cpp(562,29): warning C4305: аргумент: усечение из "double" в "GLfloat"
D:\Homework\4_kurs\1_Sem\Labs\GIMS\Bubble Breaker\Bubble Breaker.cpp(563,26): warning C4305: аргумент: усечение из "double" в "GLfloat"
D:\Homework\4_kurs\1_Sem\Labs\GIMS\Bubble Breaker\Bubble Breaker.cpp(564,28): warning C4305: аргумент: усечение из "double" в "GLfloat"
D:\Homework\4_kurs\1_Sem\Labs\GIMS\Bubble Breaker\Bubble Breaker.cpp(565,28): warning C4305: аргумент: усечение из "double" в "GLfloat"
D:\Homework\4_kurs\1_Sem\Labs\GIMS\Bubble Breaker\Bubble Breaker.cpp(584,28): warning C4305: аргумент: усечение из "double" в "GLfloat"
D:\Homework\4_kurs\1_Sem\Labs\GIMS\Bubble Breaker\Bubble Breaker.cpp(585,26): warning C4305: аргумент: усечение из "double" в "GLfloat"
D:\Homework\4_kurs\1_Sem\Labs\GIMS\Bubble Breaker\Bubble Breaker.cpp(586,26): warning C4305: аргумент: усечение из "double" в "GLfloat"
D:\Homework\4_kurs\1_Sem\Labs\GIMS\Bubble Breaker\Bubble Breaker.cpp(587,28): warning C4305: аргумент: усечение из "double" в "GLfloat"
D:\Homework\4_kurs\1_Sem\Labs\GIMS\Bubble Breaker\Bubble Breaker.cpp(597,28): warning C4305: аргумент: усечение из "double" в "GLfloat"
D:\Homework\4_kurs\1_Sem\Labs\GIMS\Bubble Breaker\Bubble Breaker.cpp(598,26): warning C4305: аргумент: усечение из "double" в "GLfloat"
D:\Homework\4_kurs\1_Sem\Labs\GIMS\Bubble Breaker\Bubble Breaker.cpp(607,26): warning C4305: аргумент: усечение из "double" в "GLfloat"
D:\Homework\4_kurs\1_Sem\Labs\GIMS\Bubble Breaker\Bubble Breaker.cpp(608,26): warning C4305: аргумент: усечение из "double" в "GLfloat"
D:\Homework\4_kurs\1_Sem\Labs\GIMS\Bubble Breaker\Bubble Breaker.cpp(609,28): warning C4305: аргумент: усечение из "double" в "GLfloat"
D:\Homework\4_kurs\1_Sem\Labs\GIMS\Bubble Breaker\Bubble Breaker.cpp(610,28): warning C4305: аргумент: усечение из "double" в "GLfloat"
D:\Homework\4_kurs\1_Sem\Labs\GIMS\Bubble Breaker\Bubble Breaker.cpp(611,28): warning C4305: аргумент: усечение из "double" в "GLfloat"
D:\Homework\4_kurs\1_Sem\Labs\GIMS\Bubble Breaker\Bubble Breaker.cpp(620,26): warning C4305: аргумент: усечение из "double" в "GLfloat"
D:\Homework\4_kurs\1_Sem\Labs\GIMS\Bubble Breaker\Bubble Breaker.cpp(621,26): warning C4305: аргумент: усечение из "double" в "GLfloat"
D:\Homework\4_kurs\1_Sem\Labs\GIMS\Bubble Breaker\Bubble Breaker.cpp(622,29): warning C4305: аргумент: усечение из "double" в "GLfloat"
D:\Homework\4_kurs\1_Sem\Labs\GIMS\Bubble Breaker\Bubble Breaker.cpp(623,29): warning C4305: аргумент: усечение из "double" в "GLfloat"
D:\Homework\4_kurs\1_Sem\Labs\GIMS\Bubble Breaker\Bubble Breaker.cpp(624,29): warning C4305: аргумент: усечение из "double" в "GLfloat"
D:\Homework\4_kurs\1_Sem\Labs\GIMS\Bubble Breaker\Bubble Breaker.cpp(625,28): warning C4305: аргумент: усечение из "double" в "GLfloat"
D:\Homework\4_kurs\1_Sem\Labs\GIMS\Bubble Breaker\Bubble Breaker.cpp(626,28): warning C4305: аргумент: усечение из "double" в "GLfloat"
D:\Homework\4_kurs\1_Sem\Labs\GIMS\Bubble Breaker\Bubble Breaker.cpp(635,26): warning C4305: аргумент: усечение из "double" в "GLfloat"
D:\Homework\4_kurs\1_Sem\Labs\GIMS\Bubble Breaker\Bubble Breaker.cpp(636,29): warning C4305: аргумент: усечение из "double" в "GLfloat"
D:\Homework\4_kurs\1_Sem\Labs\GIMS\Bubble Breaker\Bubble Breaker.cpp(637,29): warning C4305: аргумент: усечение из "double" в "GLfloat"
D:\Homework\4_kurs\1_Sem\Labs\GIMS\Bubble Breaker\Bubble Breaker.cpp(638,26): warning C4305: аргумент: усечение из "double" в "GLfloat"
D:\Homework\4_kurs\1_Sem\Labs\GIMS\Bubble Breaker\Bubble Breaker.cpp(639,28): warning C4305: аргумент: усечение из "double" в "GLfloat"
D:\Homework\4_kurs\1_Sem\Labs\GIMS\Bubble Breaker\Bubble Breaker.cpp(648,26): warning C4305: аргумент: усечение из "double" в "GLfloat"
D:\Homework\4_kurs\1_Sem\Labs\GIMS\Bubble Breaker\Bubble Breaker.cpp(649,26): warning C4305: аргумент: усечение из "double" в "GLfloat"
D:\Homework\4_kurs\1_Sem\Labs\GIMS\Bubble Breaker\Bubble Breaker.cpp(650,29): warning C4305: аргумент: усечение из "double" в "GLfloat"
D:\Homework\4_kurs\1_Sem\Labs\GIMS\Bubble Breaker\Bubble Breaker.cpp(651,29): warning C4305: аргумент: усечение из "double" в "GLfloat"
D:\Homework\4_kurs\1_Sem\Labs\GIMS\Bubble Breaker\Bubble Breaker.cpp(652,28): warning C4305: аргумент: усечение из "double" в "GLfloat"
D:\Homework\4_kurs\1_Sem\Labs\GIMS\Bubble Breaker\Bubble Breaker.cpp(653,28): warning C4305: аргумент: усечение из "double" в "GLfloat"
D:\Homework\4_kurs\1_Sem\Labs\GIMS\Bubble Breaker\Bubble Breaker.cpp(662,26): warning C4305: аргумент: усечение из "double" в "GLfloat"
D:\Homework\4_kurs\1_Sem\Labs\GIMS\Bubble Breaker\Bubble Breaker.cpp(663,26): warning C4305: аргумент: усечение из "double" в "GLfloat"
D:\Homework\4_kurs\1_Sem\Labs\GIMS\Bubble Breaker\Bubble Breaker.cpp(664,28): warning C4305: аргумент: усечение из "double" в "GLfloat"
D:\Homework\4_kurs\1_Sem\Labs\GIMS\Bubble Breaker\Bubble Breaker.cpp(665,28): warning C4305: аргумент: усечение из "double" в "GLfloat"
D:\Homework\4_kurs\1_Sem\Labs\GIMS\Bubble Breaker\Bubble Breaker.cpp(666,29): warning C4305: аргумент: усечение из "double" в "GLfloat"
D:\Homework\4_kurs\1_Sem\Labs\GIMS\Bubble Breaker\Bubble Breaker.cpp(667,29): warning C4305: аргумент: усечение из "double" в "GLfloat"
D:\Homework\4_kurs\1_Sem\Labs\GIMS\Bubble Breaker\Bubble Breaker.cpp(676,26): warning C4305: аргумент: усечение из "double" в "GLfloat"
D:\Homework\4_kurs\1_Sem\Labs\GIMS\Bubble Breaker\Bubble Breaker.cpp(677,26): warning C4305: аргумент: усечение из "double" в "GLfloat"
D:\Homework\4_kurs\1_Sem\Labs\GIMS\Bubble Breaker\Bubble Breaker.cpp(678,29): warning C4305: аргумент: усечение из "double" в "GLfloat"
D:\Homework\4_kurs\1_Sem\Labs\GIMS\Bubble Breaker\Bubble Breaker.cpp(679,28): warning C4305: аргумент: усечение из "double" в "GLfloat"
D:\Homework\4_kurs\1_Sem\Labs\GIMS\Bubble Breaker\Bubble Breaker.cpp(688,26): warning C4305: аргумент: усечение из "double" в "GLfloat"
D:\Homework\4_kurs\1_Sem\Labs\GIMS\Bubble Breaker\Bubble Breaker.cpp(689,26): warning C4305: аргумент: усечение из "double" в "GLfloat"
D:\Homework\4_kurs\1_Sem\Labs\GIMS\Bubble Breaker\Bubble Breaker.cpp(690,28): warning C4305: аргумент: усечение из "double" в "GLfloat"
D:\Homework\4_kurs\1_Sem\Labs\GIMS\Bubble Breaker\Bubble Breaker.cpp(691,28): warning C4305: аргумент: усечение из "double" в "GLfloat"
D:\Homework\4_kurs\1_Sem\Labs\GIMS\Bubble Breaker\Bubble Breaker.cpp(692,26): warning C4305: аргумент: усечение из "double" в "GLfloat"
D:\Homework\4_kurs\1_Sem\Labs\GIMS\Bubble Breaker\Bubble Breaker.cpp(693,29): warning C4305: аргумент: усечение из "double" в "GLfloat"
D:\Homework\4_kurs\1_Sem\Labs\GIMS\Bubble Breaker\Bubble Breaker.cpp(694,29): warning C4305: аргумент: усечение из "double" в "GLfloat"
D:\Homework\4_kurs\1_Sem\Labs\GIMS\Bubble Breaker\Bubble Breaker.cpp(703,26): warning C4305: аргумент: усечение из "double" в "GLfloat"
D:\Homework\4_kurs\1_Sem\Labs\GIMS\Bubble Breaker\Bubble Breaker.cpp(704,26): warning C4305: аргумент: усечение из "double" в "GLfloat"
D:\Homework\4_kurs\1_Sem\Labs\GIMS\Bubble Breaker\Bubble Breaker.cpp(705,29): warning C4305: аргумент: усечение из "double" в "GLfloat"
D:\Homework\4_kurs\1_Sem\Labs\GIMS\Bubble Breaker\Bubble Breaker.cpp(706,29): warning C4305: аргумент: усечение из "double" в "GLfloat"
D:\Homework\4_kurs\1_Sem\Labs\GIMS\Bubble Breaker\Bubble Breaker.cpp(707,26): warning C4305: аргумент: усечение из "double" в "GLfloat"
D:\Homework\4_kurs\1_Sem\Labs\GIMS\Bubble Breaker\Bubble Breaker.cpp(708,28): warning C4305: аргумент: усечение из "double" в "GLfloat"
D:\Homework\4_kurs\1_Sem\Labs\GIMS\Bubble Breaker\Bubble Breaker.cpp(709,28): warning C4305: аргумент: усечение из "double" в "GLfloat"
  Bubble Breaker.vcxproj -> D:\Homework\4_kurs\1_Sem\Labs\GIMS\Bubble Breaker\x64\Debug\Bubble Breaker.exe
